# JRE version: 7.0_25-b15
# Java VM: Java HotSpot(TM) 64-Bit Server VM (23.25-b01 mixed mode bsd-amd64 compressed oops)
Heap
 def new generation   total 6912K, used 2332K [0x00000007ea200000, 0x00000007ea970000, 0x00000007efb50000)
  eden space 6208K,  37% used [0x00000007ea200000, 0x00000007ea447020, 0x00000007ea810000)
  from space 704K,   0% used [0x00000007ea810000, 0x00000007ea810000, 0x00000007ea8c0000)
  to   space 704K,   0% used [0x00000007ea8c0000, 0x00000007ea8c0000, 0x00000007ea970000)
 tenured generation   total 15068K, used 9038K [0x00000007efb50000, 0x00000007f0a07000, 0x00000007fae00000)
   the space 15068K,  59% used [0x00000007efb50000, 0x00000007f0423b80, 0x00000007f0423c00, 0x00000007f0a07000)
 compacting perm gen  total 21248K, used 14168K [0x00000007fae00000, 0x00000007fc2c0000, 0x0000000800000000)
   the space 21248K,  66% used [0x00000007fae00000, 0x00000007fbbd60c0, 0x00000007fbbd6200, 0x00000007fc2c0000)
GC Heap History (10 events):
Event: 38.558 GC heap before
{Heap before GC invocations=20 (full 2):
 def new generation   total 5952K, used 64K [0x00000007ea200000, 0x00000007ea870000, 0x00000007efb50000)
  eden space 5312K,   1% used [0x00000007ea200000, 0x00000007ea2100f8, 0x00000007ea730000)
  from space 640K,   0% used [0x00000007ea730000, 0x00000007ea730000, 0x00000007ea7d0000)
  to   space 640K,   0% used [0x00000007ea7d0000, 0x00000007ea7d0000, 0x00000007ea870000)
 tenured generation   total 12936K, used 7761K [0x00000007efb50000, 0x00000007f07f2000, 0x00000007fae00000)
   the space 12936K,  59% used [0x00000007efb50000, 0x00000007f02e4570, 0x00000007f02e4600, 0x00000007f07f2000)
 compacting perm gen  total 21248K, used 18366K [0x00000007fae00000, 0x00000007fc2c0000, 0x0000000800000000)
   the space 21248K,  86% used [0x00000007fae00000, 0x00000007fbfef958, 0x00000007fbfefa00, 0x00000007fc2c0000)
No shared spaces configured.
Event: 38.866 GC heap after
Heap after GC invocations=21 (full 3):
 def new generation   total 5952K, used 0K [0x00000007ea200000, 0x00000007ea870000, 0x00000007efb50000)
  eden space 5312K,   0% used [0x00000007ea200000, 0x00000007ea200000, 0x00000007ea730000)
  from space 640K,   0% used [0x00000007ea730000, 0x00000007ea730000, 0x00000007ea7d0000)
  to   space 640K,   0% used [0x00000007ea7d0000, 0x00000007ea7d0000, 0x00000007ea870000)
 tenured generation   total 12936K, used 7762K [0x00000007efb50000, 0x00000007f07f2000, 0x00000007fae00000)
   the space 12936K,  60% used [0x00000007efb50000, 0x00000007f02e4998, 0x00000007f02e4a00, 0x00000007f07f2000)
 compacting perm gen  total 21248K, used 18366K [0x00000007fae00000, 0x00000007fc2c0000, 0x0000000800000000)
   the space 21248K,  86% used [0x00000007fae00000, 0x00000007fbfef958, 0x00000007fbfefa00, 0x00000007fc2c0000)
No shared spaces configured.
}
Event: 40.097 GC heap before
{Heap before GC invocations=21 (full 3):
 def new generation   total 5952K, used 5312K [0x00000007ea200000, 0x00000007ea870000, 0x00000007efb50000)
  eden space 5312K, 100% used [0x00000007ea200000, 0x00000007ea730000, 0x00000007ea730000)
  from space 640K,   0% used [0x00000007ea730000, 0x00000007ea730000, 0x00000007ea7d0000)
  to   space 640K,   0% used [0x00000007ea7d0000, 0x00000007ea7d0000, 0x00000007ea870000)
 tenured generation   total 12936K, used 7762K [0x00000007efb50000, 0x00000007f07f2000, 0x00000007fae00000)
   the space 12936K,  60% used [0x00000007efb50000, 0x00000007f02e4998, 0x00000007f02e4a00, 0x00000007f07f2000)
 compacting perm gen  total 21248K, used 18404K [0x00000007fae00000, 0x00000007fc2c0000, 0x0000000800000000)
   the space 21248K,  86% used [0x00000007fae00000, 0x00000007fbff9158, 0x00000007fbff9200, 0x00000007fc2c0000)
No shared spaces configured.
Event: 40.106 GC heap after
Heap after GC invocations=22 (full 3):
 def new generation   total 5952K, used 640K [0x00000007ea200000, 0x00000007ea870000, 0x00000007efb50000)
  eden space 5312K,   0% used [0x00000007ea200000, 0x00000007ea200000, 0x00000007ea730000)
  from space 640K, 100% used [0x00000007ea7d0000, 0x00000007ea870000, 0x00000007ea870000)
  to   space 640K,   0% used [0x00000007ea730000, 0x00000007ea730000, 0x00000007ea7d0000)
 tenured generation   total 12936K, used 8473K [0x00000007efb50000, 0x00000007f07f2000, 0x00000007fae00000)
   the space 12936K,  65% used [0x00000007efb50000, 0x00000007f0396670, 0x00000007f0396800, 0x00000007f07f2000)
 compacting perm gen  total 21248K, used 18404K [0x00000007fae00000, 0x00000007fc2c0000, 0x0000000800000000)
   the space 21248K,  86% used [0x00000007fae00000, 0x00000007fbff9158, 0x00000007fbff9200, 0x00000007fc2c0000)
No shared spaces configured.
}
Event: 41.305 GC heap before
{Heap before GC invocations=22 (full 3):
 def new generation   total 5952K, used 5952K [0x00000007ea200000, 0x00000007ea870000, 0x00000007efb50000)
  eden space 5312K, 100% used [0x00000007ea200000, 0x00000007ea730000, 0x00000007ea730000)
  from space 640K, 100% used [0x00000007ea7d0000, 0x00000007ea870000, 0x00000007ea870000)
  to   space 640K,   0% used [0x00000007ea730000, 0x00000007ea730000, 0x00000007ea7d0000)
 tenured generation   total 12936K, used 8473K [0x00000007efb50000, 0x00000007f07f2000, 0x00000007fae00000)
   the space 12936K,  65% used [0x00000007efb50000, 0x00000007f0396670, 0x00000007f0396800, 0x00000007f07f2000)
 compacting perm gen  total 21248K, used 18410K [0x00000007fae00000, 0x00000007fc2c0000, 0x0000000800000000)
   the space 21248K,  86% used [0x00000007fae00000, 0x00000007fbffa880, 0x00000007fbffaa00, 0x00000007fc2c0000)
No shared spaces configured.
Event: 41.317 GC heap after
Heap after GC invocations=23 (full 3):
 def new generation   total 5952K, used 640K [0x00000007ea200000, 0x00000007ea870000, 0x00000007efb50000)
  eden space 5312K,   0% used [0x00000007ea200000, 0x00000007ea200000, 0x00000007ea730000)
  from space 640K, 100% used [0x00000007ea730000, 0x00000007ea7d0000, 0x00000007ea7d0000)
  to   space 640K,   0% used [0x00000007ea7d0000, 0x00000007ea7d0000, 0x00000007ea870000)
 tenured generation   total 12936K, used 9202K [0x00000007efb50000, 0x00000007f07f2000, 0x00000007fae00000)
   the space 12936K,  71% used [0x00000007efb50000, 0x00000007f044ca18, 0x00000007f044cc00, 0x00000007f07f2000)
 compacting perm gen  total 21248K, used 18410K [0x00000007fae00000, 0x00000007fc2c0000, 0x0000000800000000)
   the space 21248K,  86% used [0x00000007fae00000, 0x00000007fbffa880, 0x00000007fbffaa00, 0x00000007fc2c0000)
No shared spaces configured.
}
Event: 42.558 GC heap before
{Heap before GC invocations=23 (full 3):
 def new generation   total 5952K, used 5952K [0x00000007ea200000, 0x00000007ea870000, 0x00000007efb50000)
  eden space 5312K, 100% used [0x00000007ea200000, 0x00000007ea730000, 0x00000007ea730000)
  from space 640K, 100% used [0x00000007ea730000, 0x00000007ea7d0000, 0x00000007ea7d0000)
  to   space 640K,   0% used [0x00000007ea7d0000, 0x00000007ea7d0000, 0x00000007ea870000)
 tenured generation   total 12936K, used 9202K [0x00000007efb50000, 0x00000007f07f2000, 0x00000007fae00000)
   the space 12936K,  71% used [0x00000007efb50000, 0x00000007f044ca18, 0x00000007f044cc00, 0x00000007f07f2000)
 compacting perm gen  total 21248K, used 18410K [0x00000007fae00000, 0x00000007fc2c0000, 0x0000000800000000)
   the space 21248K,  86% used [0x00000007fae00000, 0x00000007fbffaae8, 0x00000007fbffac00, 0x00000007fc2c0000)
No shared spaces configured.
Event: 42.569 GC heap after
Heap after GC invocations=24 (full 3):
 def new generation   total 5952K, used 640K [0x00000007ea200000, 0x00000007ea870000, 0x00000007efb50000)
  eden space 5312K,   0% used [0x00000007ea200000, 0x00000007ea200000, 0x00000007ea730000)
  from space 640K, 100% used [0x00000007ea7d0000, 0x00000007ea870000, 0x00000007ea870000)
  to   space 640K,   0% used [0x00000007ea730000, 0x00000007ea730000, 0x00000007ea7d0000)
 tenured generation   total 12936K, used 9829K [0x00000007efb50000, 0x00000007f07f2000, 0x00000007fae00000)
   the space 12936K,  75% used [0x00000007efb50000, 0x00000007f04e95a0, 0x00000007f04e9600, 0x00000007f07f2000)
 compacting perm gen  total 21248K, used 18410K [0x00000007fae00000, 0x00000007fc2c0000, 0x0000000800000000)
   the space 21248K,  86% used [0x00000007fae00000, 0x00000007fbffaae8, 0x00000007fbffac00, 0x00000007fc2c0000)
No shared spaces configured.
}
Event: 43.258 GC heap before
{Heap before GC invocations=24 (full 3):
 def new generation   total 5952K, used 3864K [0x00000007ea200000, 0x00000007ea870000, 0x00000007efb50000)
  eden space 5312K,  60% used [0x00000007ea200000, 0x00000007ea526200, 0x00000007ea730000)
  from space 640K, 100% used [0x00000007ea7d0000, 0x00000007ea870000, 0x00000007ea870000)
  to   space 640K,   0% used [0x00000007ea730000, 0x00000007ea730000, 0x00000007ea7d0000)
 tenured generation   total 12936K, used 9829K [0x00000007efb50000, 0x00000007f07f2000, 0x00000007fae00000)
   the space 12936K,  75% used [0x00000007efb50000, 0x00000007f04e95a0, 0x00000007f04e9600, 0x00000007f07f2000)
 compacting perm gen  total 21248K, used 18411K [0x00000007fae00000, 0x00000007fc2c0000, 0x0000000800000000)
   the space 21248K,  86% used [0x00000007fae00000, 0x00000007fbffae68, 0x00000007fbffb000, 0x00000007fc2c0000)
No shared spaces configured.
Event: 43.359 GC heap after
Heap after GC invocations=25 (full 4):
 def new generation   total 6912K, used 0K [0x00000007ea200000, 0x00000007ea970000, 0x00000007efb50000)
  eden space 6208K,   0% used [0x00000007ea200000, 0x00000007ea200000, 0x00000007ea810000)
  from space 704K,   0% used [0x00000007ea810000, 0x00000007ea810000, 0x00000007ea8c0000)
  to   space 704K,   0% used [0x00000007ea8c0000, 0x00000007ea8c0000, 0x00000007ea970000)
 tenured generation   total 15068K, used 9038K [0x00000007efb50000, 0x00000007f0a07000, 0x00000007fae00000)
   the space 15068K,  59% used [0x00000007efb50000, 0x00000007f0423b80, 0x00000007f0423c00, 0x00000007f0a07000)
 compacting perm gen  total 21248K, used 14165K [0x00000007fae00000, 0x00000007fc2c0000, 0x0000000800000000)
   the space 21248K,  66% used [0x00000007fae00000, 0x00000007fbbd57c0, 0x00000007fbbd5800, 0x00000007fc2c0000)
No shared spaces configured.
}

